[2022-10-28 06:03:35.963038 UTC]: INFO lightning_signer info policy
[2022-10-28 06:03:35.963133 UTC]: WARN lightning_signer warn policy
[2022-10-28 06:03:35.963162 UTC]: WARN vls_mqtt::logger warn
[2022-10-28 06:03:35.963185 UTC]: INFO lightning_signer::node creating node on regtest
[2022-10-28 06:03:35.965400 UTC]: ERROR rocket::error Rocket failed to bind network socket to given address/port.
[2022-10-28 06:04:02.107187 UTC]: INFO lightning_signer info policy
[2022-10-28 06:04:02.107267 UTC]: WARN lightning_signer warn policy
[2022-10-28 06:04:02.107294 UTC]: WARN vls_mqtt::logger warn
[2022-10-28 06:04:02.107318 UTC]: INFO lightning_signer::node Restore node 02c7046d20f62012362ccf835fe5b4d4a1708e518592f216afeefabeadfc20154b on regtest
[2022-10-28 06:04:02.109742 UTC]: ERROR rocket::error Rocket failed to bind network socket to given address/port.
[2022-10-28 06:04:29.348560 UTC]: INFO lightning_signer info policy
[2022-10-28 06:04:29.348634 UTC]: WARN lightning_signer warn policy
[2022-10-28 06:04:29.348661 UTC]: WARN vls_mqtt::logger warn
[2022-10-28 06:04:29.348684 UTC]: INFO lightning_signer::node Restore node 02c7046d20f62012362ccf835fe5b4d4a1708e518592f216afeefabeadfc20154b on regtest
[2022-10-28 06:04:29.350765 UTC]: ERROR rocket::error Rocket failed to bind network socket to given address/port.
[2022-10-28 06:05:05.483544 UTC]: INFO lightning_signer info policy
[2022-10-28 06:05:05.483639 UTC]: WARN lightning_signer warn policy
[2022-10-28 06:05:05.483667 UTC]: WARN vls_mqtt::logger warn
[2022-10-28 06:05:05.483692 UTC]: INFO lightning_signer::node Restore node 02c7046d20f62012362ccf835fe5b4d4a1708e518592f216afeefabeadfc20154b on regtest
[2022-10-28 06:05:09.370373 UTC]: INFO lightning_signer info policy
[2022-10-28 06:05:09.370462 UTC]: WARN lightning_signer warn policy
[2022-10-28 06:05:09.370493 UTC]: WARN vls_mqtt::logger warn
[2022-10-28 06:05:09.370517 UTC]: INFO lightning_signer::node Restore node 02c7046d20f62012362ccf835fe5b4d4a1708e518592f216afeefabeadfc20154b on regtest
[2022-10-28 06:05:09.373086 UTC]: ERROR rocket::error Rocket failed to bind network socket to given address/port.
[2022-10-28 06:07:09.278021 UTC]: INFO lightning_signer info policy
[2022-10-28 06:07:09.278279 UTC]: WARN lightning_signer warn policy
[2022-10-28 06:07:09.278305 UTC]: WARN vls_mqtt::logger warn
[2022-10-28 06:07:09.278327 UTC]: INFO lightning_signer::node Restore node 02c7046d20f62012362ccf835fe5b4d4a1708e518592f216afeefabeadfc20154b on regtest
[2022-10-28 06:07:09.284380 UTC]: ERROR rocket::error Rocket failed to bind network socket to given address/port.
[2022-10-28 06:07:20.939882 UTC]: INFO lightning_signer info policy
[2022-10-28 06:07:20.939973 UTC]: WARN lightning_signer warn policy
[2022-10-28 06:07:20.940003 UTC]: WARN vls_mqtt::logger warn
[2022-10-28 06:07:20.940033 UTC]: INFO lightning_signer::node Restore node 02c7046d20f62012362ccf835fe5b4d4a1708e518592f216afeefabeadfc20154b on regtest
[2022-10-28 06:07:32.532967 UTC]: WARN rocket::server Received SIGINT. Requesting shutdown.
[2022-10-28 06:07:32.983053 UTC]: INFO lightning_signer info policy
[2022-10-28 06:07:32.983135 UTC]: WARN lightning_signer warn policy
[2022-10-28 06:07:32.983162 UTC]: WARN vls_mqtt::logger warn
[2022-10-28 06:07:32.983185 UTC]: INFO lightning_signer::node Restore node 02c7046d20f62012362ccf835fe5b4d4a1708e518592f216afeefabeadfc20154b on regtest
[2022-10-28 06:07:58.545771 UTC]: WARN rocket::server Received SIGINT. Requesting shutdown.
[2022-10-28 06:07:59.380966 UTC]: INFO lightning_signer info policy
[2022-10-28 06:07:59.381043 UTC]: WARN lightning_signer warn policy
[2022-10-28 06:07:59.381071 UTC]: WARN vls_mqtt::logger warn
[2022-10-28 06:07:59.381095 UTC]: INFO lightning_signer::node Restore node 02c7046d20f62012362ccf835fe5b4d4a1708e518592f216afeefabeadfc20154b on regtest
[2022-10-28 06:08:09.020501 UTC]: WARN rocket::server Received SIGINT. Requesting shutdown.
[2022-10-28 06:08:12.458787 UTC]: INFO lightning_signer info policy
[2022-10-28 06:08:12.458861 UTC]: WARN lightning_signer warn policy
[2022-10-28 06:08:12.458887 UTC]: WARN vls_mqtt::logger warn
[2022-10-28 06:08:12.458928 UTC]: INFO lightning_signer::node Restore node 02c7046d20f62012362ccf835fe5b4d4a1708e518592f216afeefabeadfc20154b on regtest
[2022-10-28 06:08:38.503706 UTC]: WARN rocket::server Received SIGINT. Requesting shutdown.
[2022-10-28 06:08:41.714295 UTC]: INFO lightning_signer info policy
[2022-10-28 06:08:41.714386 UTC]: WARN lightning_signer warn policy
[2022-10-28 06:08:41.714416 UTC]: WARN vls_mqtt::logger warn
[2022-10-28 06:08:41.714441 UTC]: INFO lightning_signer::node Restore node 02c7046d20f62012362ccf835fe5b4d4a1708e518592f216afeefabeadfc20154b on regtest
[2022-10-28 06:10:07.958917 UTC]: WARN rocket::server Received SIGINT. Requesting shutdown.
[2022-10-28 06:10:19.392684 UTC]: INFO lightning_signer info policy
[2022-10-28 06:10:19.392770 UTC]: WARN lightning_signer warn policy
[2022-10-28 06:10:19.392796 UTC]: WARN vls_mqtt::logger warn
[2022-10-28 06:10:19.392833 UTC]: INFO lightning_signer::node Restore node 02c7046d20f62012362ccf835fe5b4d4a1708e518592f216afeefabeadfc20154b on regtest
[2022-10-28 06:10:27.556310 UTC]: WARN rocket::server Received SIGINT. Requesting shutdown.
[2022-10-28 06:10:37.899338 UTC]: INFO lightning_signer info policy
[2022-10-28 06:10:37.899416 UTC]: WARN lightning_signer warn policy
[2022-10-28 06:10:37.899444 UTC]: WARN vls_mqtt::logger warn
[2022-10-28 06:10:37.899467 UTC]: INFO lightning_signer::node Restore node 02c7046d20f62012362ccf835fe5b4d4a1708e518592f216afeefabeadfc20154b on regtest
[2022-10-28 06:13:44.263132 UTC]: WARN rocket::server Received SIGINT. Requesting shutdown.
[2022-10-28 06:13:55.127298 UTC]: INFO lightning_signer info policy
[2022-10-28 06:13:55.127364 UTC]: WARN lightning_signer warn policy
[2022-10-28 06:13:55.127390 UTC]: WARN vls_mqtt::logger warn
[2022-10-28 06:13:55.127414 UTC]: INFO lightning_signer::node Restore node 02c7046d20f62012362ccf835fe5b4d4a1708e518592f216afeefabeadfc20154b on regtest
[2022-10-28 06:13:55.128198 UTC]: ERROR rocket::fs::server FileServer path '[37m/Users/evanfeenstra/code/sphinx-key/sphinx-rs/vls-mqtt/vls-mqtt/app/public[0m' is not a directory.
[2022-10-28 06:13:55.128241 UTC]: WARN _ Aborting early to prevent inevitable handler failure.
[2022-10-28 06:14:17.371823 UTC]: INFO lightning_signer info policy
[2022-10-28 06:14:17.371878 UTC]: WARN lightning_signer warn policy
[2022-10-28 06:14:17.371899 UTC]: WARN vls_mqtt::logger warn
[2022-10-28 06:14:17.371918 UTC]: INFO lightning_signer::node Restore node 02c7046d20f62012362ccf835fe5b4d4a1708e518592f216afeefabeadfc20154b on regtest
[2022-10-28 06:14:29.795579 UTC]: WARN rocket::server Received SIGINT. Requesting shutdown.
